<?xml version="1.0" encoding="UTF-8"?>
<coverage generated="1696818479063" clover="3.2.0">
  <project timestamp="1696818479063" name="All files">
    <metrics statements="20" coveredstatements="13" conditionals="1" coveredconditionals="0" methods="6" coveredmethods="3" elements="27" coveredelements="16" complexity="0" loc="20" ncloc="20" packages="2" files="4" classes="4"/>
    <package name="src">
      <metrics statements="14" coveredstatements="8" conditionals="0" coveredconditionals="0" methods="3" coveredmethods="1"/>
      <file name="App.tsx" path="/Users/y.hiroya/Coding/React-Test/ts_test/src/App.tsx">
        <metrics statements="9" coveredstatements="8" conditionals="0" coveredconditionals="0" methods="3" coveredmethods="1"/>
        <line num="1" count="2" type="stmt"/>
        <line num="2" count="2" type="stmt"/>
        <line num="3" count="2" type="stmt"/>
        <line num="4" count="2" type="stmt"/>
        <line num="6" count="2" type="stmt"/>
        <line num="7" count="2" type="stmt"/>
        <line num="9" count="2" type="stmt"/>
        <line num="21" count="0" type="stmt"/>
        <line num="33" count="2" type="stmt"/>
      </file>
      <file name="main.tsx" path="/Users/y.hiroya/Coding/React-Test/ts_test/src/main.tsx">
        <metrics statements="5" coveredstatements="0" conditionals="0" coveredconditionals="0" methods="0" coveredmethods="0"/>
        <line num="1" count="0" type="stmt"/>
        <line num="2" count="0" type="stmt"/>
        <line num="3" count="0" type="stmt"/>
        <line num="4" count="0" type="stmt"/>
        <line num="6" count="0" type="stmt"/>
      </file>
      <file name="vite-env.d.ts" path="/Users/y.hiroya/Coding/React-Test/ts_test/src/vite-env.d.ts">
        <metrics statements="0" coveredstatements="0" conditionals="0" coveredconditionals="0" methods="0" coveredmethods="0"/>
      </file>
    </package>
    <package name="src.tsTest.Utils">
      <metrics statements="6" coveredstatements="5" conditionals="1" coveredconditionals="0" methods="3" coveredmethods="2"/>
      <file name="Utils.ts" path="/Users/y.hiroya/Coding/React-Test/ts_test/src/tsTest/Utils/Utils.ts">
        <metrics statements="6" coveredstatements="5" conditionals="1" coveredconditionals="0" methods="3" coveredmethods="2"/>
        <line num="1" count="1" type="stmt"/>
        <line num="4" count="1" type="cond" truecount="0" falsecount="1"/>
        <line num="5" count="0" type="stmt"/>
        <line num="7" count="1" type="stmt"/>
        <line num="11" count="1" type="stmt"/>
        <line num="21" count="1" type="stmt"/>
      </file>
    </package>
  </project>
</coverage>
