<?xml version="1.0" encoding="UTF-8"?>
<coverage generated="1697034549310" clover="3.2.0">
  <project timestamp="1697034549310" name="All files">
    <metrics statements="38" coveredstatements="36" conditionals="7" coveredconditionals="6" methods="13" coveredmethods="10" elements="58" coveredelements="52" complexity="0" loc="38" ncloc="38" packages="3" files="3" classes="3"/>
    <package name="src">
      <metrics statements="9" coveredstatements="8" conditionals="0" coveredconditionals="0" methods="3" coveredmethods="1"/>
      <file name="App.tsx" path="/Users/y.hiroya/Coding/React-Test/ts_test/src/App.tsx">
        <metrics statements="9" coveredstatements="8" conditionals="0" coveredconditionals="0" methods="3" coveredmethods="1"/>
        <line num="1" count="2" type="stmt"/>
        <line num="2" count="2" type="stmt"/>
        <line num="3" count="2" type="stmt"/>
        <line num="4" count="2" type="stmt"/>
        <line num="6" count="2" type="stmt"/>
        <line num="7" count="2" type="stmt"/>
        <line num="9" count="2" type="stmt"/>
        <line num="21" count="0" type="stmt"/>
        <line num="33" count="2" type="stmt"/>
      </file>
    </package>
    <package name="src.tsTest.PasswordChecker">
      <metrics statements="23" coveredstatements="23" conditionals="6" coveredconditionals="6" methods="7" coveredmethods="7"/>
      <file name="PasswordChecker.ts" path="/Users/y.hiroya/Coding/React-Test/ts_test/src/tsTest/PasswordChecker/PasswordChecker.ts">
        <metrics statements="23" coveredstatements="23" conditionals="6" coveredconditionals="6" methods="7" coveredmethods="7"/>
        <line num="3" count="1" type="cond" truecount="2" falsecount="0"/>
        <line num="4" count="1" type="stmt"/>
        <line num="5" count="1" type="stmt"/>
        <line num="6" count="1" type="stmt"/>
        <line num="7" count="1" type="stmt"/>
        <line num="15" count="1" type="stmt"/>
        <line num="17" count="8" type="stmt"/>
        <line num="19" count="8" type="stmt"/>
        <line num="20" count="8" type="stmt"/>
        <line num="21" count="8" type="stmt"/>
        <line num="23" count="8" type="stmt"/>
        <line num="30" count="2" type="stmt"/>
        <line num="31" count="2" type="stmt"/>
        <line num="32" count="2" type="stmt"/>
        <line num="39" count="2" type="stmt"/>
        <line num="40" count="2" type="cond" truecount="1" falsecount="0"/>
        <line num="41" count="1" type="stmt"/>
        <line num="46" count="8" type="cond" truecount="1" falsecount="0"/>
        <line num="47" count="5" type="stmt"/>
        <line num="52" count="8" type="cond" truecount="1" falsecount="0"/>
        <line num="53" count="3" type="stmt"/>
        <line num="58" count="8" type="cond" truecount="1" falsecount="0"/>
        <line num="59" count="3" type="stmt"/>
      </file>
    </package>
    <package name="src.tsTest.Utils">
      <metrics statements="6" coveredstatements="5" conditionals="1" coveredconditionals="0" methods="3" coveredmethods="2"/>
      <file name="Utils.ts" path="/Users/y.hiroya/Coding/React-Test/ts_test/src/tsTest/Utils/Utils.ts">
        <metrics statements="6" coveredstatements="5" conditionals="1" coveredconditionals="0" methods="3" coveredmethods="2"/>
        <line num="1" count="1" type="stmt"/>
        <line num="4" count="1" type="cond" truecount="0" falsecount="1"/>
        <line num="5" count="0" type="stmt"/>
        <line num="7" count="1" type="stmt"/>
        <line num="11" count="1" type="stmt"/>
        <line num="21" count="1" type="stmt"/>
      </file>
    </package>
  </project>
</coverage>
