{"/Users/y.hiroya/Coding/React-Test/ts_test/src/App.tsx": {"path":"/Users/y.hiroya/Coding/React-Test/ts_test/src/App.tsx","statementMap":{"0":{"start":{"line":1,"column":0},"end":{"line":1,"column":32}},"1":{"start":{"line":2,"column":0},"end":{"line":2,"column":42}},"2":{"start":{"line":3,"column":0},"end":{"line":3,"column":41}},"3":{"start":{"line":4,"column":0},"end":{"line":4,"column":18}},"4":{"start":{"line":6,"column":12},"end":{"line":31,"column":1}},"5":{"start":{"line":7,"column":28},"end":{"line":7,"column":39}},"6":{"start":{"line":9,"column":2},"end":{"line":30,"column":null}},"7":{"start":{"line":21,"column":45},"end":{"line":21,"column":75}},"8":{"start":{"line":21,"column":65},"end":{"line":21,"column":74}},"9":{"start":{"line":33,"column":0},"end":{"line":33,"column":null}}},"fnMap":{"0":{"name":"(anonymous_1)","decl":{"start":{"line":6,"column":12},"end":{"line":6,"column":15}},"loc":{"start":{"line":6,"column":17},"end":{"line":31,"column":1}}},"1":{"name":"(anonymous_2)","decl":{"start":{"line":21,"column":39},"end":{"line":21,"column":42}},"loc":{"start":{"line":21,"column":45},"end":{"line":21,"column":75}}},"2":{"name":"(anonymous_3)","decl":{"start":{"line":21,"column":54},"end":{"line":21,"column":55}},"loc":{"start":{"line":21,"column":65},"end":{"line":21,"column":74}}}},"branchMap":{},"s":{"0":2,"1":2,"2":2,"3":2,"4":2,"5":2,"6":2,"7":0,"8":0,"9":2},"f":{"0":2,"1":0,"2":0},"b":{}}
,"/Users/y.hiroya/Coding/React-Test/ts_test/src/tsTest/PasswordChecker/PasswordChecker.ts": {"path":"/Users/y.hiroya/Coding/React-Test/ts_test/src/tsTest/PasswordChecker/PasswordChecker.ts","statementMap":{"0":{"start":{"line":3,"column":0},"end":{"line":3,"column":null}},"1":{"start":{"line":4,"column":2},"end":{"line":4,"column":null}},"2":{"start":{"line":5,"column":2},"end":{"line":5,"column":null}},"3":{"start":{"line":6,"column":2},"end":{"line":6,"column":null}},"4":{"start":{"line":7,"column":2},"end":{"line":7,"column":null}},"5":{"start":{"line":17,"column":38},"end":{"line":17,"column":40}},"6":{"start":{"line":19,"column":4},"end":{"line":19,"column":null}},"7":{"start":{"line":20,"column":4},"end":{"line":20,"column":null}},"8":{"start":{"line":21,"column":4},"end":{"line":21,"column":null}},"9":{"start":{"line":23,"column":4},"end":{"line":26,"column":null}},"10":{"start":{"line":30,"column":23},"end":{"line":30,"column":51}},"11":{"start":{"line":31,"column":4},"end":{"line":31,"column":null}},"12":{"start":{"line":32,"column":4},"end":{"line":35,"column":null}},"13":{"start":{"line":39,"column":22},"end":{"line":39,"column":26}},"14":{"start":{"line":40,"column":4},"end":{"line":42,"column":null}},"15":{"start":{"line":41,"column":6},"end":{"line":41,"column":null}},"16":{"start":{"line":46,"column":4},"end":{"line":48,"column":null}},"17":{"start":{"line":47,"column":6},"end":{"line":47,"column":null}},"18":{"start":{"line":52,"column":4},"end":{"line":54,"column":null}},"19":{"start":{"line":53,"column":6},"end":{"line":53,"column":null}},"20":{"start":{"line":58,"column":4},"end":{"line":60,"column":null}},"21":{"start":{"line":59,"column":6},"end":{"line":59,"column":null}},"22":{"start":{"line":15,"column":0},"end":{"line":15,"column":13}}},"fnMap":{"0":{"name":"(anonymous_0)","decl":{"start":{"line":3,"column":0},"end":{"line":3,"column":12}},"loc":{"start":{"line":3,"column":26},"end":{"line":8,"column":1}}},"1":{"name":"(anonymous_1)","decl":{"start":{"line":16,"column":9},"end":{"line":16,"column":22}},"loc":{"start":{"line":16,"column":39},"end":{"line":27,"column":3}}},"2":{"name":"(anonymous_2)","decl":{"start":{"line":29,"column":9},"end":{"line":29,"column":27}},"loc":{"start":{"line":29,"column":44},"end":{"line":36,"column":3}}},"3":{"name":"(anonymous_3)","decl":{"start":{"line":38,"column":10},"end":{"line":38,"column":24}},"loc":{"start":{"line":38,"column":68},"end":{"line":43,"column":3}}},"4":{"name":"(anonymous_4)","decl":{"start":{"line":45,"column":10},"end":{"line":45,"column":24}},"loc":{"start":{"line":45,"column":68},"end":{"line":49,"column":3}}},"5":{"name":"(anonymous_5)","decl":{"start":{"line":51,"column":10},"end":{"line":51,"column":27}},"loc":{"start":{"line":51,"column":71},"end":{"line":55,"column":3}}},"6":{"name":"(anonymous_6)","decl":{"start":{"line":57,"column":10},"end":{"line":57,"column":27}},"loc":{"start":{"line":57,"column":71},"end":{"line":61,"column":3}}}},"branchMap":{"0":{"loc":{"start":{"line":3,"column":12},"end":{"line":3,"column":null}},"type":"binary-expr","locations":[{"start":{"line":3,"column":12},"end":{"line":3,"column":26}},{"start":{"line":3,"column":26},"end":{"line":3,"column":null}}]},"1":{"loc":{"start":{"line":40,"column":4},"end":{"line":42,"column":null}},"type":"if","locations":[{"start":{"line":40,"column":4},"end":{"line":42,"column":null}}]},"2":{"loc":{"start":{"line":46,"column":4},"end":{"line":48,"column":null}},"type":"if","locations":[{"start":{"line":46,"column":4},"end":{"line":48,"column":null}}]},"3":{"loc":{"start":{"line":52,"column":4},"end":{"line":54,"column":null}},"type":"if","locations":[{"start":{"line":52,"column":4},"end":{"line":54,"column":null}}]},"4":{"loc":{"start":{"line":58,"column":4},"end":{"line":60,"column":null}},"type":"if","locations":[{"start":{"line":58,"column":4},"end":{"line":60,"column":null}}]}},"s":{"0":1,"1":1,"2":1,"3":1,"4":1,"5":8,"6":8,"7":8,"8":8,"9":8,"10":2,"11":2,"12":2,"13":2,"14":2,"15":1,"16":8,"17":5,"18":8,"19":3,"20":8,"21":3,"22":1},"f":{"0":1,"1":8,"2":2,"3":2,"4":8,"5":8,"6":8},"b":{"0":[1,1],"1":[1],"2":[5],"3":[3],"4":[3]}}
,"/Users/y.hiroya/Coding/React-Test/ts_test/src/tsTest/Utils/Utils.ts": {"path":"/Users/y.hiroya/Coding/React-Test/ts_test/src/tsTest/Utils/Utils.ts","statementMap":{"0":{"start":{"line":4,"column":4},"end":{"line":6,"column":null}},"1":{"start":{"line":5,"column":6},"end":{"line":5,"column":null}},"2":{"start":{"line":7,"column":4},"end":{"line":7,"column":null}},"3":{"start":{"line":1,"column":0},"end":{"line":1,"column":13}},"4":{"start":{"line":11,"column":27},"end":{"line":11,"column":61}},"5":{"start":{"line":11,"column":44},"end":{"line":11,"column":61}},"6":{"start":{"line":11,"column":13},"end":{"line":11,"column":27}},"7":{"start":{"line":21,"column":29},"end":{"line":27,"column":2}},"8":{"start":{"line":21,"column":59},"end":{"line":27,"column":2}},"9":{"start":{"line":21,"column":13},"end":{"line":21,"column":29}}},"fnMap":{"0":{"name":"(anonymous_0)","decl":{"start":{"line":3,"column":9},"end":{"line":3,"column":20}},"loc":{"start":{"line":3,"column":32},"end":{"line":8,"column":3}}},"1":{"name":"(anonymous_1)","decl":{"start":{"line":11,"column":27},"end":{"line":11,"column":28}},"loc":{"start":{"line":11,"column":44},"end":{"line":11,"column":61}}},"2":{"name":"(anonymous_2)","decl":{"start":{"line":21,"column":29},"end":{"line":21,"column":30}},"loc":{"start":{"line":21,"column":59},"end":{"line":27,"column":2}}}},"branchMap":{"0":{"loc":{"start":{"line":4,"column":4},"end":{"line":6,"column":null}},"type":"if","locations":[{"start":{"line":4,"column":4},"end":{"line":6,"column":null}}]}},"s":{"0":1,"1":0,"2":1,"3":1,"4":1,"5":1,"6":1,"7":1,"8":0,"9":1},"f":{"0":1,"1":1,"2":0},"b":{"0":[0]}}
}
