{"/Users/y.hiroya/Coding/React-Test/ts_test/src/App.tsx": {"path":"/Users/y.hiroya/Coding/React-Test/ts_test/src/App.tsx","statementMap":{"0":{"start":{"line":1,"column":0},"end":{"line":1,"column":32}},"1":{"start":{"line":2,"column":0},"end":{"line":2,"column":42}},"2":{"start":{"line":3,"column":0},"end":{"line":3,"column":41}},"3":{"start":{"line":4,"column":0},"end":{"line":4,"column":18}},"4":{"start":{"line":6,"column":12},"end":{"line":31,"column":1}},"5":{"start":{"line":7,"column":28},"end":{"line":7,"column":39}},"6":{"start":{"line":9,"column":2},"end":{"line":30,"column":null}},"7":{"start":{"line":21,"column":45},"end":{"line":21,"column":75}},"8":{"start":{"line":21,"column":65},"end":{"line":21,"column":74}},"9":{"start":{"line":33,"column":0},"end":{"line":33,"column":null}}},"fnMap":{"0":{"name":"(anonymous_1)","decl":{"start":{"line":6,"column":12},"end":{"line":6,"column":15}},"loc":{"start":{"line":6,"column":17},"end":{"line":31,"column":1}}},"1":{"name":"(anonymous_2)","decl":{"start":{"line":21,"column":39},"end":{"line":21,"column":42}},"loc":{"start":{"line":21,"column":45},"end":{"line":21,"column":75}}},"2":{"name":"(anonymous_3)","decl":{"start":{"line":21,"column":54},"end":{"line":21,"column":55}},"loc":{"start":{"line":21,"column":65},"end":{"line":21,"column":74}}}},"branchMap":{},"s":{"0":2,"1":2,"2":2,"3":2,"4":2,"5":2,"6":2,"7":0,"8":0,"9":2},"f":{"0":2,"1":0,"2":0},"b":{}}
,"/Users/y.hiroya/Coding/React-Test/ts_test/src/main.tsx": {"path":"/Users/y.hiroya/Coding/React-Test/ts_test/src/main.tsx","statementMap":{"0":{"start":{"line":1,"column":0},"end":{"line":1,"column":25}},"1":{"start":{"line":2,"column":0},"end":{"line":2,"column":39}},"2":{"start":{"line":3,"column":0},"end":{"line":3,"column":20}},"3":{"start":{"line":4,"column":0},"end":{"line":4,"column":21}},"4":{"start":{"line":6,"column":0},"end":{"line":10,"column":null}}},"fnMap":{},"branchMap":{},"s":{"0":0,"1":0,"2":0,"3":0,"4":0},"f":{},"b":{}}
,"/Users/y.hiroya/Coding/React-Test/ts_test/src/vite-env.d.ts": {"path":"/Users/y.hiroya/Coding/React-Test/ts_test/src/vite-env.d.ts","statementMap":{},"fnMap":{},"branchMap":{},"s":{},"f":{},"b":{}}
,"/Users/y.hiroya/Coding/React-Test/ts_test/src/tsTest/Utils/Utils.ts": {"path":"/Users/y.hiroya/Coding/React-Test/ts_test/src/tsTest/Utils/Utils.ts","statementMap":{"0":{"start":{"line":4,"column":4},"end":{"line":6,"column":null}},"1":{"start":{"line":5,"column":6},"end":{"line":5,"column":null}},"2":{"start":{"line":7,"column":4},"end":{"line":7,"column":null}},"3":{"start":{"line":1,"column":0},"end":{"line":1,"column":13}},"4":{"start":{"line":11,"column":27},"end":{"line":11,"column":61}},"5":{"start":{"line":11,"column":44},"end":{"line":11,"column":61}},"6":{"start":{"line":11,"column":13},"end":{"line":11,"column":27}},"7":{"start":{"line":21,"column":29},"end":{"line":27,"column":2}},"8":{"start":{"line":21,"column":59},"end":{"line":27,"column":2}},"9":{"start":{"line":21,"column":13},"end":{"line":21,"column":29}}},"fnMap":{"0":{"name":"(anonymous_0)","decl":{"start":{"line":3,"column":9},"end":{"line":3,"column":20}},"loc":{"start":{"line":3,"column":32},"end":{"line":8,"column":3}}},"1":{"name":"(anonymous_1)","decl":{"start":{"line":11,"column":27},"end":{"line":11,"column":28}},"loc":{"start":{"line":11,"column":44},"end":{"line":11,"column":61}}},"2":{"name":"(anonymous_2)","decl":{"start":{"line":21,"column":29},"end":{"line":21,"column":30}},"loc":{"start":{"line":21,"column":59},"end":{"line":27,"column":2}}}},"branchMap":{"0":{"loc":{"start":{"line":4,"column":4},"end":{"line":6,"column":null}},"type":"if","locations":[{"start":{"line":4,"column":4},"end":{"line":6,"column":null}}]}},"s":{"0":1,"1":0,"2":1,"3":1,"4":1,"5":1,"6":1,"7":1,"8":0,"9":1},"f":{"0":1,"1":1,"2":0},"b":{"0":[0]}}
}
