TN:
SF:src/App.tsx
FN:6,(anonymous_1)
FN:21,(anonymous_2)
FN:21,(anonymous_3)
FNF:3
FNH:1
FNDA:2,(anonymous_1)
FNDA:0,(anonymous_2)
FNDA:0,(anonymous_3)
DA:1,2
DA:2,2
DA:3,2
DA:4,2
DA:6,2
DA:7,2
DA:9,2
DA:21,0
DA:33,2
LF:9
LH:8
BRF:0
BRH:0
end_of_record
TN:
SF:src/tsTest/PasswordChecker/PasswordChecker.ts
FN:3,(anonymous_0)
FN:16,(anonymous_1)
FN:29,(anonymous_2)
FN:38,(anonymous_3)
FN:45,(anonymous_4)
FN:51,(anonymous_5)
FN:57,(anonymous_6)
FNF:7
FNH:7
FNDA:1,(anonymous_0)
FNDA:8,(anonymous_1)
FNDA:2,(anonymous_2)
FNDA:2,(anonymous_3)
FNDA:8,(anonymous_4)
FNDA:8,(anonymous_5)
FNDA:8,(anonymous_6)
DA:3,1
DA:4,1
DA:5,1
DA:6,1
DA:7,1
DA:15,1
DA:17,8
DA:19,8
DA:20,8
DA:21,8
DA:23,8
DA:30,2
DA:31,2
DA:32,2
DA:39,2
DA:40,2
DA:41,1
DA:46,8
DA:47,5
DA:52,8
DA:53,3
DA:58,8
DA:59,3
LF:23
LH:23
BRDA:3,0,0,1
BRDA:3,0,1,1
BRDA:40,1,0,1
BRDA:46,2,0,5
BRDA:52,3,0,3
BRDA:58,4,0,3
BRF:6
BRH:6
end_of_record
TN:
SF:src/tsTest/Utils/Utils.ts
FN:3,(anonymous_0)
FN:11,(anonymous_1)
FN:21,(anonymous_2)
FNF:3
FNH:2
FNDA:1,(anonymous_0)
FNDA:1,(anonymous_1)
FNDA:0,(anonymous_2)
DA:1,1
DA:4,1
DA:5,0
DA:7,1
DA:11,1
DA:21,1
LF:6
LH:5
BRDA:4,0,0,0
BRF:1
BRH:0
end_of_record
